{"/root/IT/frontend-project-46/src/index.js": {"path":"/root/IT/frontend-project-46/src/index.js","statementMap":{"0":{"start":{"line":4,"column":20},"end":{"line":39,"column":1}},"1":{"start":{"line":5,"column":22},"end":{"line":7,"column":11}},"2":{"start":{"line":8,"column":2},"end":{"line":8,"column":93}},"3":{"start":{"line":8,"column":55},"end":{"line":8,"column":91}},"4":{"start":{"line":10,"column":19},"end":{"line":10,"column":21}},"5":{"start":{"line":12,"column":2},"end":{"line":36,"column":5}},"6":{"start":{"line":13,"column":4},"end":{"line":34,"column":5}},"7":{"start":{"line":14,"column":6},"end":{"line":17,"column":8}},"8":{"start":{"line":18,"column":11},"end":{"line":34,"column":5}},"9":{"start":{"line":19,"column":6},"end":{"line":23,"column":8}},"10":{"start":{"line":24,"column":11},"end":{"line":34,"column":5}},"11":{"start":{"line":25,"column":6},"end":{"line":28,"column":8}},"12":{"start":{"line":29,"column":11},"end":{"line":34,"column":5}},"13":{"start":{"line":30,"column":6},"end":{"line":33,"column":8}},"14":{"start":{"line":35,"column":4},"end":{"line":35,"column":20}},"15":{"start":{"line":38,"column":2},"end":{"line":38,"column":18}},"16":{"start":{"line":41,"column":22},"end":{"line":61,"column":1}},"17":{"start":{"line":42,"column":15},"end":{"line":42,"column":32}},"18":{"start":{"line":44,"column":21},"end":{"line":58,"column":8}},"19":{"start":{"line":45,"column":23},"end":{"line":45,"column":32}},"20":{"start":{"line":46,"column":4},"end":{"line":57,"column":5}},"21":{"start":{"line":48,"column":8},"end":{"line":48,"column":56}},"22":{"start":{"line":50,"column":8},"end":{"line":50,"column":56}},"23":{"start":{"line":52,"column":8},"end":{"line":52,"column":56}},"24":{"start":{"line":54,"column":8},"end":{"line":54,"column":90}},"25":{"start":{"line":56,"column":8},"end":{"line":56,"column":56}},"26":{"start":{"line":60,"column":2},"end":{"line":60,"column":29}},"27":{"start":{"line":63,"column":16},"end":{"line":72,"column":1}},"28":{"start":{"line":64,"column":16},"end":{"line":64,"column":35}},"29":{"start":{"line":65,"column":16},"end":{"line":65,"column":35}},"30":{"start":{"line":67,"column":19},"end":{"line":67,"column":44}},"31":{"start":{"line":68,"column":21},"end":{"line":68,"column":44}},"32":{"start":{"line":70,"column":2},"end":{"line":70,"column":26}},"33":{"start":{"line":71,"column":2},"end":{"line":71,"column":20}}},"fnMap":{"0":{"name":"(anonymous_0)","decl":{"start":{"line":4,"column":20},"end":{"line":4,"column":21}},"loc":{"start":{"line":4,"column":38},"end":{"line":39,"column":1}},"line":4},"1":{"name":"(anonymous_1)","decl":{"start":{"line":8,"column":39},"end":{"line":8,"column":40}},"loc":{"start":{"line":8,"column":55},"end":{"line":8,"column":91}},"line":8},"2":{"name":"(anonymous_2)","decl":{"start":{"line":12,"column":20},"end":{"line":12,"column":21}},"loc":{"start":{"line":12,"column":29},"end":{"line":36,"column":3}},"line":12},"3":{"name":"(anonymous_3)","decl":{"start":{"line":41,"column":22},"end":{"line":41,"column":23}},"loc":{"start":{"line":41,"column":32},"end":{"line":61,"column":1}},"line":41},"4":{"name":"(anonymous_4)","decl":{"start":{"line":44,"column":33},"end":{"line":44,"column":34}},"loc":{"start":{"line":44,"column":47},"end":{"line":58,"column":3}},"line":44},"5":{"name":"(anonymous_5)","decl":{"start":{"line":63,"column":16},"end":{"line":63,"column":17}},"loc":{"start":{"line":63,"column":42},"end":{"line":72,"column":1}},"line":63}},"branchMap":{"0":{"loc":{"start":{"line":13,"column":4},"end":{"line":34,"column":5}},"type":"if","locations":[{"start":{"line":13,"column":4},"end":{"line":34,"column":5}},{"start":{"line":18,"column":11},"end":{"line":34,"column":5}}],"line":13},"1":{"loc":{"start":{"line":13,"column":8},"end":{"line":13,"column":83}},"type":"binary-expr","locations":[{"start":{"line":13,"column":8},"end":{"line":13,"column":25}},{"start":{"line":13,"column":29},"end":{"line":13,"column":46}},{"start":{"line":13,"column":50},"end":{"line":13,"column":83}}],"line":13},"2":{"loc":{"start":{"line":18,"column":11},"end":{"line":34,"column":5}},"type":"if","locations":[{"start":{"line":18,"column":11},"end":{"line":34,"column":5}},{"start":{"line":24,"column":11},"end":{"line":34,"column":5}}],"line":18},"3":{"loc":{"start":{"line":18,"column":15},"end":{"line":18,"column":91}},"type":"binary-expr","locations":[{"start":{"line":18,"column":15},"end":{"line":18,"column":32}},{"start":{"line":18,"column":36},"end":{"line":18,"column":53}},{"start":{"line":18,"column":57},"end":{"line":18,"column":91}}],"line":18},"4":{"loc":{"start":{"line":24,"column":11},"end":{"line":34,"column":5}},"type":"if","locations":[{"start":{"line":24,"column":11},"end":{"line":34,"column":5}},{"start":{"line":29,"column":11},"end":{"line":34,"column":5}}],"line":24},"5":{"loc":{"start":{"line":24,"column":15},"end":{"line":24,"column":54}},"type":"binary-expr","locations":[{"start":{"line":24,"column":15},"end":{"line":24,"column":32}},{"start":{"line":24,"column":36},"end":{"line":24,"column":54}}],"line":24},"6":{"loc":{"start":{"line":29,"column":11},"end":{"line":34,"column":5}},"type":"if","locations":[{"start":{"line":29,"column":11},"end":{"line":34,"column":5}},{"start":{},"end":{}}],"line":29},"7":{"loc":{"start":{"line":29,"column":15},"end":{"line":29,"column":54}},"type":"binary-expr","locations":[{"start":{"line":29,"column":15},"end":{"line":29,"column":33}},{"start":{"line":29,"column":37},"end":{"line":29,"column":54}}],"line":29},"8":{"loc":{"start":{"line":46,"column":4},"end":{"line":57,"column":5}},"type":"switch","locations":[{"start":{"line":47,"column":6},"end":{"line":48,"column":56}},{"start":{"line":49,"column":6},"end":{"line":50,"column":56}},{"start":{"line":51,"column":6},"end":{"line":52,"column":56}},{"start":{"line":53,"column":6},"end":{"line":54,"column":90}},{"start":{"line":55,"column":6},"end":{"line":56,"column":56}}],"line":46}},"s":{"0":1,"1":2,"2":2,"3":16,"4":2,"5":2,"6":12,"7":2,"8":10,"9":2,"10":8,"11":4,"12":4,"13":4,"14":12,"15":2,"16":1,"17":3,"18":3,"19":18,"20":18,"21":3,"22":5,"23":6,"24":3,"25":1,"26":2,"27":1,"28":1,"29":1,"30":1,"31":1,"32":1,"33":1},"f":{"0":2,"1":16,"2":12,"3":3,"4":18,"5":1},"b":{"0":[2,10],"1":[12,8,4],"2":[2,8],"3":[10,6,2],"4":[4,4],"5":[8,4],"6":[4,0],"7":[4,4],"8":[3,5,6,3,1]},"_coverageSchema":"1a1c01bbd47fc00a2c39e90264f33305004495a9","hash":"df2463a38510cb14e3e6268ca36ff467b6cccce1"}
,"/root/IT/frontend-project-46/src/utils.js": {"path":"/root/IT/frontend-project-46/src/utils.js","statementMap":{"0":{"start":{"line":3,"column":17},"end":{"line":3,"column":74}},"1":{"start":{"line":3,"column":31},"end":{"line":3,"column":74}}},"fnMap":{"0":{"name":"(anonymous_0)","decl":{"start":{"line":3,"column":17},"end":{"line":3,"column":18}},"loc":{"start":{"line":3,"column":31},"end":{"line":3,"column":74}},"line":3}},"branchMap":{},"s":{"0":1,"1":3},"f":{"0":3},"b":{},"_coverageSchema":"1a1c01bbd47fc00a2c39e90264f33305004495a9","hash":"2cb84629560daa1c547592798b4d4d7de7ccd044"}
}
