{"/root/IT/frontend-project-46/src/index.js": {"path":"/root/IT/frontend-project-46/src/index.js","all":false,"statementMap":{"0":{"start":{"line":1,"column":0},"end":{"line":1,"column":23}},"1":{"start":{"line":2,"column":0},"end":{"line":2,"column":34}},"2":{"start":{"line":3,"column":0},"end":{"line":3,"column":0}},"3":{"start":{"line":4,"column":0},"end":{"line":4,"column":39}},"4":{"start":{"line":5,"column":0},"end":{"line":5,"column":40}},"5":{"start":{"line":6,"column":0},"end":{"line":6,"column":31}},"6":{"start":{"line":7,"column":0},"end":{"line":7,"column":12}},"7":{"start":{"line":8,"column":0},"end":{"line":8,"column":93}},"8":{"start":{"line":9,"column":0},"end":{"line":9,"column":0}},"9":{"start":{"line":10,"column":0},"end":{"line":10,"column":22}},"10":{"start":{"line":11,"column":0},"end":{"line":11,"column":0}},"11":{"start":{"line":12,"column":0},"end":{"line":12,"column":30}},"12":{"start":{"line":13,"column":0},"end":{"line":13,"column":86}},"13":{"start":{"line":14,"column":0},"end":{"line":14,"column":23}},"14":{"start":{"line":15,"column":0},"end":{"line":15,"column":26}},"15":{"start":{"line":16,"column":0},"end":{"line":16,"column":20}},"16":{"start":{"line":17,"column":0},"end":{"line":17,"column":8}},"17":{"start":{"line":18,"column":0},"end":{"line":18,"column":94}},"18":{"start":{"line":19,"column":0},"end":{"line":19,"column":23}},"19":{"start":{"line":20,"column":0},"end":{"line":20,"column":27}},"20":{"start":{"line":21,"column":0},"end":{"line":21,"column":27}},"21":{"start":{"line":22,"column":0},"end":{"line":22,"column":21}},"22":{"start":{"line":23,"column":0},"end":{"line":23,"column":8}},"23":{"start":{"line":24,"column":0},"end":{"line":24,"column":57}},"24":{"start":{"line":25,"column":0},"end":{"line":25,"column":23}},"25":{"start":{"line":26,"column":0},"end":{"line":26,"column":26}},"26":{"start":{"line":27,"column":0},"end":{"line":27,"column":20}},"27":{"start":{"line":28,"column":0},"end":{"line":28,"column":8}},"28":{"start":{"line":29,"column":0},"end":{"line":29,"column":57}},"29":{"start":{"line":30,"column":0},"end":{"line":30,"column":23}},"30":{"start":{"line":31,"column":0},"end":{"line":31,"column":26}},"31":{"start":{"line":32,"column":0},"end":{"line":32,"column":20}},"32":{"start":{"line":33,"column":0},"end":{"line":33,"column":8}},"33":{"start":{"line":34,"column":0},"end":{"line":34,"column":5}},"34":{"start":{"line":35,"column":0},"end":{"line":35,"column":20}},"35":{"start":{"line":36,"column":0},"end":{"line":36,"column":5}},"36":{"start":{"line":37,"column":0},"end":{"line":37,"column":0}},"37":{"start":{"line":38,"column":0},"end":{"line":38,"column":18}},"38":{"start":{"line":39,"column":0},"end":{"line":39,"column":2}},"39":{"start":{"line":40,"column":0},"end":{"line":40,"column":0}},"40":{"start":{"line":41,"column":0},"end":{"line":41,"column":33}},"41":{"start":{"line":42,"column":0},"end":{"line":42,"column":33}},"42":{"start":{"line":43,"column":0},"end":{"line":43,"column":0}},"43":{"start":{"line":44,"column":0},"end":{"line":44,"column":48}},"44":{"start":{"line":45,"column":0},"end":{"line":45,"column":33}},"45":{"start":{"line":46,"column":0},"end":{"line":46,"column":21}},"46":{"start":{"line":47,"column":0},"end":{"line":47,"column":15}},"47":{"start":{"line":48,"column":0},"end":{"line":48,"column":56}},"48":{"start":{"line":49,"column":0},"end":{"line":49,"column":15}},"49":{"start":{"line":50,"column":0},"end":{"line":50,"column":56}},"50":{"start":{"line":51,"column":0},"end":{"line":51,"column":15}},"51":{"start":{"line":52,"column":0},"end":{"line":52,"column":56}},"52":{"start":{"line":53,"column":0},"end":{"line":53,"column":16}},"53":{"start":{"line":54,"column":0},"end":{"line":54,"column":90}},"54":{"start":{"line":55,"column":0},"end":{"line":55,"column":14}},"55":{"start":{"line":56,"column":0},"end":{"line":56,"column":54}},"56":{"start":{"line":57,"column":0},"end":{"line":57,"column":5}},"57":{"start":{"line":58,"column":0},"end":{"line":58,"column":9}},"58":{"start":{"line":59,"column":0},"end":{"line":59,"column":0}},"59":{"start":{"line":60,"column":0},"end":{"line":60,"column":29}},"60":{"start":{"line":61,"column":0},"end":{"line":61,"column":2}},"61":{"start":{"line":62,"column":0},"end":{"line":62,"column":0}},"62":{"start":{"line":63,"column":0},"end":{"line":63,"column":43}},"63":{"start":{"line":64,"column":0},"end":{"line":64,"column":36}},"64":{"start":{"line":65,"column":0},"end":{"line":65,"column":36}},"65":{"start":{"line":66,"column":0},"end":{"line":66,"column":0}},"66":{"start":{"line":67,"column":0},"end":{"line":67,"column":45}},"67":{"start":{"line":68,"column":0},"end":{"line":68,"column":45}},"68":{"start":{"line":69,"column":0},"end":{"line":69,"column":0}},"69":{"start":{"line":70,"column":0},"end":{"line":70,"column":26}},"70":{"start":{"line":71,"column":0},"end":{"line":71,"column":20}},"71":{"start":{"line":72,"column":0},"end":{"line":72,"column":2}},"72":{"start":{"line":73,"column":0},"end":{"line":73,"column":0}},"73":{"start":{"line":74,"column":0},"end":{"line":74,"column":23}},"74":{"start":{"line":75,"column":0},"end":{"line":75,"column":38}}},"s":{"0":1,"1":1,"2":1,"3":1,"4":2,"5":2,"6":2,"7":2,"8":2,"9":2,"10":2,"11":2,"12":12,"13":2,"14":2,"15":2,"16":2,"17":12,"18":2,"19":2,"20":2,"21":2,"22":2,"23":10,"24":4,"25":4,"26":4,"27":4,"28":4,"29":4,"30":4,"31":4,"32":4,"33":4,"34":12,"35":2,"36":2,"37":2,"38":2,"39":1,"40":1,"41":3,"42":3,"43":3,"44":18,"45":18,"46":18,"47":3,"48":18,"49":5,"50":18,"51":6,"52":18,"53":3,"54":18,"55":1,"56":18,"57":3,"58":3,"59":3,"60":3,"61":1,"62":1,"63":1,"64":1,"65":1,"66":1,"67":1,"68":1,"69":1,"70":1,"71":1,"72":1,"73":1,"74":1},"branchMap":{"0":{"type":"branch","line":4,"loc":{"start":{"line":4,"column":20},"end":{"line":39,"column":2}},"locations":[{"start":{"line":4,"column":20},"end":{"line":39,"column":2}}]},"1":{"type":"branch","line":8,"loc":{"start":{"line":8,"column":39},"end":{"line":8,"column":91}},"locations":[{"start":{"line":8,"column":39},"end":{"line":8,"column":91}}]},"2":{"type":"branch","line":12,"loc":{"start":{"line":12,"column":21},"end":{"line":36,"column":3}},"locations":[{"start":{"line":12,"column":21},"end":{"line":36,"column":3}}]},"3":{"type":"branch","line":13,"loc":{"start":{"line":13,"column":25},"end":{"line":13,"column":46}},"locations":[{"start":{"line":13,"column":25},"end":{"line":13,"column":46}}]},"4":{"type":"branch","line":13,"loc":{"start":{"line":13,"column":46},"end":{"line":13,"column":83}},"locations":[{"start":{"line":13,"column":46},"end":{"line":13,"column":83}}]},"5":{"type":"branch","line":13,"loc":{"start":{"line":13,"column":85},"end":{"line":18,"column":5}},"locations":[{"start":{"line":13,"column":85},"end":{"line":18,"column":5}}]},"6":{"type":"branch","line":18,"loc":{"start":{"line":18,"column":5},"end":{"line":34,"column":5}},"locations":[{"start":{"line":18,"column":5},"end":{"line":34,"column":5}}]},"7":{"type":"branch","line":18,"loc":{"start":{"line":18,"column":32},"end":{"line":18,"column":53}},"locations":[{"start":{"line":18,"column":32},"end":{"line":18,"column":53}}]},"8":{"type":"branch","line":18,"loc":{"start":{"line":18,"column":53},"end":{"line":18,"column":91}},"locations":[{"start":{"line":18,"column":53},"end":{"line":18,"column":91}}]},"9":{"type":"branch","line":18,"loc":{"start":{"line":18,"column":93},"end":{"line":24,"column":5}},"locations":[{"start":{"line":18,"column":93},"end":{"line":24,"column":5}}]},"10":{"type":"branch","line":24,"loc":{"start":{"line":24,"column":5},"end":{"line":34,"column":5}},"locations":[{"start":{"line":24,"column":5},"end":{"line":34,"column":5}}]},"11":{"type":"branch","line":24,"loc":{"start":{"line":24,"column":32},"end":{"line":24,"column":54}},"locations":[{"start":{"line":24,"column":32},"end":{"line":24,"column":54}}]},"12":{"type":"branch","line":24,"loc":{"start":{"line":24,"column":56},"end":{"line":34,"column":5}},"locations":[{"start":{"line":24,"column":56},"end":{"line":34,"column":5}}]},"13":{"type":"branch","line":41,"loc":{"start":{"line":41,"column":23},"end":{"line":61,"column":2}},"locations":[{"start":{"line":41,"column":23},"end":{"line":61,"column":2}}]},"14":{"type":"branch","line":44,"loc":{"start":{"line":44,"column":33},"end":{"line":58,"column":3}},"locations":[{"start":{"line":44,"column":33},"end":{"line":58,"column":3}}]},"15":{"type":"branch","line":47,"loc":{"start":{"line":47,"column":6},"end":{"line":48,"column":56}},"locations":[{"start":{"line":47,"column":6},"end":{"line":48,"column":56}}]},"16":{"type":"branch","line":49,"loc":{"start":{"line":49,"column":6},"end":{"line":50,"column":56}},"locations":[{"start":{"line":49,"column":6},"end":{"line":50,"column":56}}]},"17":{"type":"branch","line":51,"loc":{"start":{"line":51,"column":6},"end":{"line":52,"column":56}},"locations":[{"start":{"line":51,"column":6},"end":{"line":52,"column":56}}]},"18":{"type":"branch","line":53,"loc":{"start":{"line":53,"column":6},"end":{"line":54,"column":90}},"locations":[{"start":{"line":53,"column":6},"end":{"line":54,"column":90}}]},"19":{"type":"branch","line":55,"loc":{"start":{"line":55,"column":6},"end":{"line":56,"column":54}},"locations":[{"start":{"line":55,"column":6},"end":{"line":56,"column":54}}]},"20":{"type":"branch","line":63,"loc":{"start":{"line":63,"column":16},"end":{"line":72,"column":2}},"locations":[{"start":{"line":63,"column":16},"end":{"line":72,"column":2}}]}},"b":{"0":[2],"1":[16],"2":[12],"3":[8],"4":[4],"5":[2],"6":[10],"7":[6],"8":[2],"9":[2],"10":[8],"11":[4],"12":[4],"13":[3],"14":[18],"15":[3],"16":[5],"17":[6],"18":[3],"19":[1],"20":[1]},"fnMap":{"0":{"name":"genDiffTree","decl":{"start":{"line":4,"column":20},"end":{"line":39,"column":2}},"loc":{"start":{"line":4,"column":20},"end":{"line":39,"column":2}},"line":4},"1":{"name":"genDiffString","decl":{"start":{"line":41,"column":23},"end":{"line":61,"column":2}},"loc":{"start":{"line":41,"column":23},"end":{"line":61,"column":2}},"line":41},"2":{"name":"genDiff","decl":{"start":{"line":63,"column":16},"end":{"line":72,"column":2}},"loc":{"start":{"line":63,"column":16},"end":{"line":72,"column":2}},"line":63}},"f":{"0":2,"1":3,"2":1}}
,"/root/IT/frontend-project-46/src/utils.js": {"path":"/root/IT/frontend-project-46/src/utils.js","all":false,"statementMap":{"0":{"start":{"line":1,"column":0},"end":{"line":1,"column":39}},"1":{"start":{"line":2,"column":0},"end":{"line":2,"column":0}},"2":{"start":{"line":3,"column":0},"end":{"line":3,"column":75}},"3":{"start":{"line":4,"column":0},"end":{"line":4,"column":0}},"4":{"start":{"line":5,"column":0},"end":{"line":5,"column":24}}},"s":{"0":1,"1":1,"2":1,"3":1,"4":1},"branchMap":{"0":{"type":"branch","line":3,"loc":{"start":{"line":3,"column":18},"end":{"line":3,"column":74}},"locations":[{"start":{"line":3,"column":18},"end":{"line":3,"column":74}}]}},"b":{"0":[3]},"fnMap":{"0":{"name":"readFile","decl":{"start":{"line":3,"column":18},"end":{"line":3,"column":74}},"loc":{"start":{"line":3,"column":18},"end":{"line":3,"column":74}},"line":3}},"f":{"0":3}}
}
