TN:
SF:src/index.js
FN:4,genDiffTree
FN:41,genDiffString
FN:63,genDiff
FNF:3
FNH:3
FNDA:2,genDiffTree
FNDA:3,genDiffString
FNDA:1,genDiff
DA:1,1
DA:2,1
DA:3,1
DA:4,1
DA:5,2
DA:6,2
DA:7,2
DA:8,2
DA:9,2
DA:10,2
DA:11,2
DA:12,2
DA:13,12
DA:14,2
DA:15,2
DA:16,2
DA:17,2
DA:18,12
DA:19,2
DA:20,2
DA:21,2
DA:22,2
DA:23,2
DA:24,10
DA:25,4
DA:26,4
DA:27,4
DA:28,4
DA:29,4
DA:30,4
DA:31,4
DA:32,4
DA:33,4
DA:34,4
DA:35,12
DA:36,2
DA:37,2
DA:38,2
DA:39,2
DA:40,1
DA:41,1
DA:42,3
DA:43,3
DA:44,3
DA:45,18
DA:46,18
DA:47,18
DA:48,3
DA:49,18
DA:50,5
DA:51,18
DA:52,6
DA:53,18
DA:54,3
DA:55,18
DA:56,1
DA:57,18
DA:58,3
DA:59,3
DA:60,3
DA:61,3
DA:62,1
DA:63,1
DA:64,1
DA:65,1
DA:66,1
DA:67,1
DA:68,1
DA:69,1
DA:70,1
DA:71,1
DA:72,1
DA:73,1
DA:74,1
DA:75,1
LF:75
LH:75
BRDA:4,0,0,2
BRDA:8,1,0,16
BRDA:12,2,0,12
BRDA:13,3,0,8
BRDA:13,4,0,4
BRDA:13,5,0,2
BRDA:18,6,0,10
BRDA:18,7,0,6
BRDA:18,8,0,2
BRDA:18,9,0,2
BRDA:24,10,0,8
BRDA:24,11,0,4
BRDA:24,12,0,4
BRDA:41,13,0,3
BRDA:44,14,0,18
BRDA:47,15,0,3
BRDA:49,16,0,5
BRDA:51,17,0,6
BRDA:53,18,0,3
BRDA:55,19,0,1
BRDA:63,20,0,1
BRF:21
BRH:21
end_of_record
TN:
SF:src/utils.js
FN:3,readFile
FNF:1
FNH:1
FNDA:3,readFile
DA:1,1
DA:2,1
DA:3,1
DA:4,1
DA:5,1
LF:5
LH:5
BRDA:3,0,0,3
BRF:1
BRH:1
end_of_record
