TN:
SF:src/index.js
FN:4,(anonymous_0)
FN:8,(anonymous_1)
FN:12,(anonymous_2)
FN:41,(anonymous_3)
FN:44,(anonymous_4)
FN:63,(anonymous_5)
FNF:6
FNH:6
FNDA:2,(anonymous_0)
FNDA:16,(anonymous_1)
FNDA:12,(anonymous_2)
FNDA:3,(anonymous_3)
FNDA:18,(anonymous_4)
FNDA:1,(anonymous_5)
DA:4,1
DA:5,2
DA:8,16
DA:10,2
DA:12,2
DA:13,12
DA:14,2
DA:18,10
DA:19,2
DA:24,8
DA:25,4
DA:29,4
DA:30,4
DA:35,12
DA:38,2
DA:41,1
DA:42,3
DA:44,3
DA:45,18
DA:46,18
DA:48,3
DA:50,5
DA:52,6
DA:54,3
DA:56,1
DA:60,2
DA:63,1
DA:64,1
DA:65,1
DA:67,1
DA:68,1
DA:70,1
DA:71,1
LF:33
LH:33
BRDA:13,0,0,2
BRDA:13,0,1,10
BRDA:13,1,0,12
BRDA:13,1,1,8
BRDA:13,1,2,4
BRDA:18,2,0,2
BRDA:18,2,1,8
BRDA:18,3,0,10
BRDA:18,3,1,6
BRDA:18,3,2,2
BRDA:24,4,0,4
BRDA:24,4,1,4
BRDA:24,5,0,8
BRDA:24,5,1,4
BRDA:29,6,0,4
BRDA:29,6,1,0
BRDA:29,7,0,4
BRDA:29,7,1,4
BRDA:46,8,0,3
BRDA:46,8,1,5
BRDA:46,8,2,6
BRDA:46,8,3,3
BRDA:46,8,4,1
BRF:23
BRH:22
end_of_record
TN:
SF:src/utils.js
FN:3,(anonymous_0)
FNF:1
FNH:1
FNDA:3,(anonymous_0)
DA:3,3
LF:1
LH:1
BRF:0
BRH:0
end_of_record
